/*C3*/SET SCHEMA PUBLIC
INSERT INTO ITEMORDER VALUES(320,1,'In Cart',1,1)
COMMIT
INSERT INTO ITEMORDER VALUES(321,4,'In Cart',12,1)
COMMIT
DELETE FROM ITEMORDER WHERE ID=321
COMMIT
/*C4*/SET SCHEMA PUBLIC
INSERT INTO ITEMORDER VALUES(322,26,'In Cart',12,1)
COMMIT
INSERT INTO ITEMORDER VALUES(323,24,'In Cart',12,1)
COMMIT
DELETE FROM ITEMORDER WHERE ID=320
DELETE FROM ITEMORDER WHERE ID=322
DELETE FROM ITEMORDER WHERE ID=323
INSERT INTO ITEMORDER VALUES(320,1,'Ordered',1,1)
INSERT INTO ITEMORDER VALUES(322,26,'Ordered',12,1)
INSERT INTO ITEMORDER VALUES(323,24,'Ordered',12,1)
COMMIT
DELETE FROM ITEMORDER WHERE ID=323
INSERT INTO ITEMORDER VALUES(323,24,'Cancelled',12,1)
COMMIT
DELETE FROM USER WHERE ID=12
INSERT INTO USER VALUES(12,'WaveMaker Inc','User','98081','user@wavemaker.com','834','User',NULL,'user','USA','SFO','user')
COMMIT
/*C5*/SET SCHEMA PUBLIC
DELETE FROM PRODUCTORDER WHERE ID=18
INSERT INTO PRODUCTORDER VALUES(18,'Delivered',8)
COMMIT
/*C2*/SET SCHEMA PUBLIC
DELETE FROM ORDERDETAIL WHERE ID=2
INSERT INTO ORDERDETAIL VALUES(2,1,42,1)
COMMIT
DELETE FROM PRODUCTORDER WHERE ID=15
INSERT INTO PRODUCTORDER VALUES(15,'Delivered',5)
COMMIT
DELETE FROM USER WHERE ID=8
INSERT INTO USER VALUES(8,'Near Joy Gardens','1235989997','85563','alex@abc.com','56','Alex','12','alex123!','USA','LA','user')
COMMIT
INSERT INTO ITEMORDER VALUES(324,1,'In Cart',1,1)
COMMIT
INSERT INTO ITEMORDER VALUES(325,61,'In Cart',12,1)
COMMIT
DELETE FROM ITEMORDER WHERE ID=325
COMMIT
INSERT INTO ITEMORDER VALUES(326,83,'In Cart',12,1)
COMMIT
DELETE FROM ITEMORDER WHERE ID=324
DELETE FROM ITEMORDER WHERE ID=326
INSERT INTO ITEMORDER VALUES(324,1,'Ordered',1,1)
INSERT INTO ITEMORDER VALUES(326,83,'Ordered',12,1)
COMMIT
DELETE FROM USER WHERE ID=12
INSERT INTO USER VALUES(12,'WaveMaker Inc','User','98081','user@wavemaker.com','834','User',NULL,'user','USA','SFO','user')
COMMIT
/*C5*/DELETE FROM ITEMORDER WHERE ID=307
DELETE FROM ITEMORDER WHERE ID=308
DELETE FROM ITEMORDER WHERE ID=309
DELETE FROM ITEMORDER WHERE ID=312
DELETE FROM ITEMORDER WHERE ID=314
DELETE FROM ITEMORDER WHERE ID=315
DELETE FROM ITEMORDER WHERE ID=316
DELETE FROM ITEMORDER WHERE ID=317
DELETE FROM ITEMORDER WHERE ID=318
DELETE FROM ITEMORDER WHERE ID=319
DELETE FROM ITEMORDER WHERE ID=322
DELETE FROM ITEMORDER WHERE ID=323
DELETE FROM ITEMORDER WHERE ID=326
COMMIT
DELETE FROM USER WHERE ID=16
COMMIT
